2025-10-06 11:14:46,246 - application.app_controller - INFO - app_controller.py:69 - initialize() - Logging system initialized
2025-10-06 11:14:46,247 - application.app_controller - INFO - app_controller.py:73 - initialize() - Market data fetcher initialized
2025-10-06 11:14:46,248 - data_processing.arbitrage_statistics - INFO - arbitrage_statistics.py:88 - _init_sqlite() - SQLite database initialized for arbitrage logging
2025-10-06 11:14:46,249 - application.app_controller - INFO - app_controller.py:77 - initialize() - Arbitrage detector initialized
2025-10-06 11:14:46,249 - data_processing.arbitrage_statistics - INFO - arbitrage_statistics.py:88 - _init_sqlite() - SQLite database initialized for arbitrage logging
2025-10-06 11:14:46,250 - data_processing.persistence_manager - INFO - persistence_manager.py:164 - load_persistence_data() - Monitoring states file persistence_data.json not found, using defaults
2025-10-06 11:14:46,250 - data_processing.service_controller - INFO - service_controller.py:48 - __init__() - Service controller initialized
2025-10-06 11:14:46,250 - application.app_controller - INFO - app_controller.py:81 - initialize() - Service controller initialized
2025-10-06 11:14:46,251 - config.user_config_manager - INFO - user_config_manager.py:404 - load_config() - Configuration file user_config.json not found, using defaults
2025-10-06 11:14:46,251 - data_processing.arbitrage_statistics - INFO - arbitrage_statistics.py:88 - _init_sqlite() - SQLite database initialized for arbitrage logging
2025-10-06 11:14:46,252 - data_processing.persistence_manager - INFO - persistence_manager.py:164 - load_persistence_data() - Monitoring states file persistence_data.json not found, using defaults
2025-10-06 11:14:46,252 - data_processing.service_controller - INFO - service_controller.py:48 - __init__() - Service controller initialized
2025-10-06 11:14:46,253 - application.app_controller - INFO - app_controller.py:89 - initialize() - Telegram bot handler initialized
2025-10-06 11:14:46,253 - application.app_controller - INFO - app_controller.py:91 - initialize() - Application initialization completed successfully
2025-10-06 11:14:46,253 - application.app_controller - INFO - app_controller.py:112 - start() - Starting Generic Trading Bot...
2025-10-06 11:14:46,254 - telegram_bot.bot_handler - ERROR - bot_handler.py:53 - start() - Telegram bot token not configured!
2025-10-06 11:14:46,254 - application.app_controller - INFO - app_controller.py:117 - start() - Telegram bot started
2025-10-06 11:14:46,254 - application.app_controller - INFO - app_controller.py:133 - _main_loop() - Entering main application loop
2025-10-06 11:17:13,757 - application.app_controller - INFO - app_controller.py:182 - _signal_handler() - Received SIGINT signal, initiating graceful shutdown...
2025-10-06 11:17:13,757 - application.app_controller - INFO - app_controller.py:156 - stop() - Stopping Generic Trading Bot...
2025-10-06 11:17:13,758 - application.app_controller - INFO - app_controller.py:163 - stop() - Telegram bot stopped
2025-10-06 11:17:13,758 - data_processing.service_controller - INFO - service_controller.py:138 - stop_arbitrage_monitoring() - Arbitrage monitoring is not running
2025-10-06 11:17:13,759 - data_processing.service_controller - INFO - service_controller.py:265 - stop_market_view_monitoring() - Market view monitoring is not running
2025-10-06 11:17:13,759 - data_processing.service_controller - INFO - service_controller.py:350 - stop_all_services() - All services stopped
2025-10-06 11:17:13,759 - application.app_controller - INFO - app_controller.py:168 - stop() - All services stopped
2025-10-06 11:17:13,760 - application.app_controller - INFO - app_controller.py:170 - stop() - Application stopped successfully
